Started GET "/" for ::1 at 2021-02-08 11:55:29 -0800

ActiveRecord::NoDatabaseError - FATAL:  database "fsProject_development" does not exist:

Started POST "/__better_errors/803436ef9a441eb3/variables" for ::1 at 2021-02-08 11:55:29 -0800
  [1m[35m (218.5ms)[0m  [1m[35mCREATE DATABASE "fsProject_development" ENCODING = 'unicode'[0m
  ↳ bin/rails:9
  [1m[35m (65.7ms)[0m  [1m[35mCREATE DATABASE "fsProject_test" ENCODING = 'unicode'[0m
  ↳ bin/rails:9
Started GET "/" for ::1 at 2021-02-08 11:56:34 -0800
Processing by StaticPagesController#root as HTML
  Rendering static_pages/root.html.erb within layouts/application
  Rendered static_pages/root.html.erb within layouts/application (1.4ms)
Completed 200 OK in 1641ms (Views: 1638.1ms | ActiveRecord: 0.0ms)


  [1m[35m (35.5ms)[0m  [1m[35mCREATE TABLE "schema_migrations" ("version" character varying NOT NULL PRIMARY KEY)[0m
  ↳ bin/rails:9
  [1m[35m (5.7ms)[0m  [1m[35mCREATE TABLE "ar_internal_metadata" ("key" character varying NOT NULL PRIMARY KEY, "value" character varying, "created_at" timestamp NOT NULL, "updated_at" timestamp NOT NULL)[0m
  ↳ bin/rails:9
  [1m[35m (0.5ms)[0m  [1m[34mSELECT pg_try_advisory_lock(2237031112869649740)[0m
  ↳ bin/rails:9
  [1m[35m (0.6ms)[0m  [1m[34mSELECT "schema_migrations"."version" FROM "schema_migrations" ORDER BY "schema_migrations"."version" ASC[0m
  ↳ bin/rails:9
Migrating to CreateUsers (20210208200303)
  [1m[35m (0.2ms)[0m  [1m[35mBEGIN[0m
  ↳ bin/rails:9
  [1m[35m (7.9ms)[0m  [1m[35mCREATE TABLE "users" ("id" bigserial primary key, "username" character varying NOT NULL, "password_digest" character varying NOT NULL, "session_token" character varying NOT NULL, "created_at" timestamp NOT NULL, "updated_at" timestamp NOT NULL)[0m
  ↳ db/migrate/20210208200303_create_users.rb:3
  [1m[35m (1.0ms)[0m  [1m[35mCREATE  INDEX  "index_users_on_username" ON "users"  ("username")[0m
  ↳ db/migrate/20210208200303_create_users.rb:9
  [1m[35m (1.0ms)[0m  [1m[35mCREATE  INDEX  "index_users_on_session_token" ON "users"  ("session_token")[0m
  ↳ db/migrate/20210208200303_create_users.rb:10
  [1m[36mActiveRecord::SchemaMigration Create (0.5ms)[0m  [1m[32mINSERT INTO "schema_migrations" ("version") VALUES ($1) RETURNING "version"[0m  [["version", "20210208200303"]]
  ↳ bin/rails:9
  [1m[35m (0.4ms)[0m  [1m[35mCOMMIT[0m
  ↳ bin/rails:9
  [1m[36mActiveRecord::InternalMetadata Load (0.6ms)[0m  [1m[34mSELECT  "ar_internal_metadata".* FROM "ar_internal_metadata" WHERE "ar_internal_metadata"."key" = $1 LIMIT $2[0m  [["key", "environment"], ["LIMIT", 1]]
  ↳ bin/rails:9
  [1m[35m (0.2ms)[0m  [1m[35mBEGIN[0m
  ↳ bin/rails:9
  [1m[36mActiveRecord::InternalMetadata Create (0.5ms)[0m  [1m[32mINSERT INTO "ar_internal_metadata" ("key", "value", "created_at", "updated_at") VALUES ($1, $2, $3, $4) RETURNING "key"[0m  [["key", "environment"], ["value", "development"], ["created_at", "2021-02-08 20:05:31.698055"], ["updated_at", "2021-02-08 20:05:31.698055"]]
  ↳ bin/rails:9
  [1m[35m (0.5ms)[0m  [1m[35mCOMMIT[0m
  ↳ bin/rails:9
  [1m[35m (0.4ms)[0m  [1m[34mSELECT pg_advisory_unlock(2237031112869649740)[0m
  ↳ bin/rails:9
  [1m[35m (0.2ms)[0m  [1m[34mSELECT "schema_migrations"."version" FROM "schema_migrations" ORDER BY "schema_migrations"."version" ASC[0m
  ↳ bin/rails:9
  [1m[35m (0.8ms)[0m  [1m[34mSELECT "schema_migrations"."version" FROM "schema_migrations" ORDER BY "schema_migrations"."version" ASC[0m
  ↳ /Users/bcdguz/.rbenv/versions/2.5.1/bin/annotate:23
  [1m[35m (0.9ms)[0m  [1m[34mSELECT "schema_migrations"."version" FROM "schema_migrations" ORDER BY "schema_migrations"."version" ASC[0m
  ↳ /Users/bcdguz/.rbenv/versions/2.5.1/bin/rake:23
  [1m[35m (0.2ms)[0m  [1m[34mSELECT "schema_migrations"."version" FROM "schema_migrations" ORDER BY "schema_migrations"."version" ASC[0m
  ↳ /Users/bcdguz/.rbenv/versions/2.5.1/bin/rake:23
  [1m[35m (0.3ms)[0m  [1m[34mSELECT "schema_migrations"."version" FROM "schema_migrations" ORDER BY "schema_migrations"."version" ASC[0m
  ↳ /Users/bcdguz/.rbenv/versions/2.5.1/bin/rake:23
  [1m[35m (0.2ms)[0m  [1m[34mSELECT pg_try_advisory_lock(2237031112869649740)[0m
  ↳ /Users/bcdguz/.rbenv/versions/2.5.1/bin/rake:23
  [1m[35m (0.6ms)[0m  [1m[34mSELECT "schema_migrations"."version" FROM "schema_migrations" ORDER BY "schema_migrations"."version" ASC[0m
  ↳ /Users/bcdguz/.rbenv/versions/2.5.1/bin/rake:23
Migrating to CreateUsers (20210208200303)
  [1m[35m (0.2ms)[0m  [1m[35mBEGIN[0m
  ↳ /Users/bcdguz/.rbenv/versions/2.5.1/bin/rake:23
  [1m[35m (2.9ms)[0m  [1m[35mDROP INDEX  "index_users_on_session_token"[0m
  ↳ /Users/bcdguz/.rbenv/versions/2.5.1/bin/rake:23
  [1m[35m (0.2ms)[0m  [1m[35mDROP INDEX  "index_users_on_username"[0m
  ↳ /Users/bcdguz/.rbenv/versions/2.5.1/bin/rake:23
  [1m[35m (2.4ms)[0m  [1m[35mDROP TABLE "users"[0m
  ↳ /Users/bcdguz/.rbenv/versions/2.5.1/bin/rake:23
  [1m[36mActiveRecord::SchemaMigration Destroy (0.6ms)[0m  [1m[31mDELETE FROM "schema_migrations" WHERE "schema_migrations"."version" = $1[0m  [["version", "20210208200303"]]
  ↳ /Users/bcdguz/.rbenv/versions/2.5.1/bin/rake:23
  [1m[35m (3.7ms)[0m  [1m[35mCOMMIT[0m
  ↳ /Users/bcdguz/.rbenv/versions/2.5.1/bin/rake:23
  [1m[35m (0.2ms)[0m  [1m[34mSELECT pg_advisory_unlock(2237031112869649740)[0m
  ↳ /Users/bcdguz/.rbenv/versions/2.5.1/bin/rake:23
  [1m[35m (0.3ms)[0m  [1m[34mSELECT "schema_migrations"."version" FROM "schema_migrations" ORDER BY "schema_migrations"."version" ASC[0m
  ↳ /Users/bcdguz/.rbenv/versions/2.5.1/bin/rake:23
  [1m[35m (0.7ms)[0m  [1m[34mSELECT "schema_migrations"."version" FROM "schema_migrations" ORDER BY "schema_migrations"."version" ASC[0m
  ↳ bin/rails:9
  [1m[35m (0.3ms)[0m  [1m[34mSELECT pg_try_advisory_lock(2237031112869649740)[0m
  ↳ bin/rails:9
  [1m[35m (0.8ms)[0m  [1m[34mSELECT "schema_migrations"."version" FROM "schema_migrations" ORDER BY "schema_migrations"."version" ASC[0m
  ↳ bin/rails:9
Migrating to CreateUsers (20210208200303)
  [1m[35m (0.2ms)[0m  [1m[35mBEGIN[0m
  ↳ bin/rails:9
  [1m[35m (6.2ms)[0m  [1m[35mCREATE TABLE "users" ("id" bigserial primary key, "username" character varying NOT NULL, "password_digest" character varying NOT NULL, "session_token" character varying NOT NULL, "created_at" timestamp NOT NULL, "updated_at" timestamp NOT NULL)[0m
  ↳ db/migrate/20210208200303_create_users.rb:3
  [1m[35m (1.2ms)[0m  [1m[35mCREATE UNIQUE INDEX  "index_users_on_username" ON "users"  ("username")[0m
  ↳ db/migrate/20210208200303_create_users.rb:9
  [1m[35m (1.3ms)[0m  [1m[35mCREATE UNIQUE INDEX  "index_users_on_session_token" ON "users"  ("session_token")[0m
  ↳ db/migrate/20210208200303_create_users.rb:10
  [1m[36mActiveRecord::SchemaMigration Create (0.4ms)[0m  [1m[32mINSERT INTO "schema_migrations" ("version") VALUES ($1) RETURNING "version"[0m  [["version", "20210208200303"]]
  ↳ bin/rails:9
  [1m[35m (0.7ms)[0m  [1m[35mCOMMIT[0m
  ↳ bin/rails:9
  [1m[36mActiveRecord::InternalMetadata Load (0.5ms)[0m  [1m[34mSELECT  "ar_internal_metadata".* FROM "ar_internal_metadata" WHERE "ar_internal_metadata"."key" = $1 LIMIT $2[0m  [["key", "environment"], ["LIMIT", 1]]
  ↳ bin/rails:9
  [1m[35m (0.3ms)[0m  [1m[35mBEGIN[0m
  ↳ bin/rails:9
  [1m[35m (0.3ms)[0m  [1m[35mCOMMIT[0m
  ↳ bin/rails:9
  [1m[35m (0.6ms)[0m  [1m[34mSELECT pg_advisory_unlock(2237031112869649740)[0m
  ↳ bin/rails:9
  [1m[35m (0.5ms)[0m  [1m[34mSELECT "schema_migrations"."version" FROM "schema_migrations" ORDER BY "schema_migrations"."version" ASC[0m
  ↳ bin/rails:9
Started GET "/" for ::1 at 2021-02-08 13:51:07 -0800
  [1m[35m (1.6ms)[0m  [1m[34mSELECT "schema_migrations"."version" FROM "schema_migrations" ORDER BY "schema_migrations"."version" ASC[0m
  ↳ /Users/bcdguz/.rbenv/versions/2.5.1/lib/ruby/gems/2.5.0/gems/activerecord-5.2.4.4/lib/active_record/log_subscriber.rb:98
Processing by StaticPagesController#root as HTML
  Rendering static_pages/root.html.erb within layouts/application
  Rendered static_pages/root.html.erb within layouts/application (1.5ms)
Completed 200 OK in 1985ms (Views: 1981.7ms | ActiveRecord: 0.0ms)


Started POST "/api/users" for ::1 at 2021-02-08 13:52:50 -0800
Processing by Api::UsersController#create as */*
  Parameters: {"user"=>{"username"=>"test1", "password"=>"[FILTERED]"}, "default"=>{"format"=>:json}}
Completed 500 Internal Server Error in 4ms (ActiveRecord: 0.0ms)



SyntaxError - syntax error, unexpected ':', expecting keyword_end
    attr_reader: password
               ^:
  app/models/user.rb:17:in `'
  app/controllers/api/users_controller.rb:4:in `create'

Started POST "/api/users" for ::1 at 2021-02-08 13:53:42 -0800
Processing by Api::UsersController#create as */*
  Parameters: {"user"=>{"username"=>"test1", "password"=>"[FILTERED]"}, "default"=>{"format"=>:json}}
Completed 500 Internal Server Error in 2ms (ActiveRecord: 0.0ms)



SyntaxError - syntax error, unexpected ':', expecting keyword_end
    attr_reader: :password
               ^:
  app/models/user.rb:17:in `'
  app/controllers/api/users_controller.rb:4:in `create'

Started GET "/" for ::1 at 2021-02-08 13:53:44 -0800
Processing by StaticPagesController#root as HTML
  Rendering static_pages/root.html.erb within layouts/application
  Rendered static_pages/root.html.erb within layouts/application (0.4ms)
Completed 200 OK in 34ms (Views: 30.0ms | ActiveRecord: 0.0ms)


Started POST "/api/users" for ::1 at 2021-02-08 13:53:47 -0800
Processing by Api::UsersController#create as */*
  Parameters: {"user"=>{"username"=>"test1", "password"=>"[FILTERED]"}, "default"=>{"format"=>:json}}
Completed 500 Internal Server Error in 2ms (ActiveRecord: 0.0ms)



SyntaxError - syntax error, unexpected ':', expecting keyword_end
    attr_reader: :password
               ^:
  app/models/user.rb:17:in `'
  app/controllers/api/users_controller.rb:4:in `create'

Started GET "/" for ::1 at 2021-02-08 13:54:03 -0800
Processing by StaticPagesController#root as HTML
  Rendering static_pages/root.html.erb within layouts/application
  Rendered static_pages/root.html.erb within layouts/application (0.4ms)
Completed 200 OK in 37ms (Views: 34.0ms | ActiveRecord: 0.0ms)


Started POST "/api/users" for ::1 at 2021-02-08 13:54:05 -0800
Processing by Api::UsersController#create as */*
  Parameters: {"user"=>{"username"=>"test1", "password"=>"[FILTERED]"}, "default"=>{"format"=>:json}}
  [1m[35m (0.3ms)[0m  [1m[35mBEGIN[0m
  ↳ app/controllers/api/users_controller.rb:5
  [1m[36mUser Exists (5.3ms)[0m  [1m[34mSELECT  1 AS one FROM "users" WHERE "users"."username" = $1 LIMIT $2[0m  [["username", "test1"], ["LIMIT", 1]]
  ↳ app/controllers/api/users_controller.rb:5
  [1m[36mUser Exists (0.4ms)[0m  [1m[34mSELECT  1 AS one FROM "users" WHERE "users"."session_token" = $1 LIMIT $2[0m  [["session_token", "qknYRHO-C_NM01zpI9_XJQ"], ["LIMIT", 1]]
  ↳ app/controllers/api/users_controller.rb:5
  [1m[36mUser Create (4.3ms)[0m  [1m[32mINSERT INTO "users" ("username", "password_digest", "session_token", "created_at", "updated_at") VALUES ($1, $2, $3, $4, $5) RETURNING "id"[0m  [["username", "test1"], ["password_digest", "$2a$12$XQ09gMi7DuwVcpfXawvAv.4oL/GrGqc25dq021YHfKgKxEJFnFHI2"], ["session_token", "qknYRHO-C_NM01zpI9_XJQ"], ["created_at", "2021-02-08 21:54:05.342239"], ["updated_at", "2021-02-08 21:54:05.342239"]]
  ↳ app/controllers/api/users_controller.rb:5
  [1m[35m (0.5ms)[0m  [1m[35mCOMMIT[0m
  ↳ app/controllers/api/users_controller.rb:5
  Rendering api/users/show.json.jbuilder
  Rendered api/users/_user.json.jbuilder (0.3ms)
  Rendered api/users/show.json.jbuilder (10.8ms)
Completed 200 OK in 345ms (Views: 46.9ms | ActiveRecord: 16.0ms)


Started DELETE "/api/session" for ::1 at 2021-02-08 13:55:33 -0800
Processing by Api::SessionsController#destroy as */*
  Parameters: {"default"=>{"format"=>:json}}
  [1m[36mUser Load (0.3ms)[0m  [1m[34mSELECT  "users".* FROM "users" WHERE "users"."session_token" = $1 LIMIT $2[0m  [["session_token", "qknYRHO-C_NM01zpI9_XJQ"], ["LIMIT", 1]]
  ↳ app/controllers/application_controller.rb:10
Completed 500 Internal Server Error in 19ms (ActiveRecord: 0.6ms)



NoMethodError - undefined method `rese_session_token!' for #<User:0x00007f815ba60638>
Did you mean?  reset_session_token!
               ensure_session_token
               restore_session_token!:
  app/controllers/application_controller.rb:14:in `logout!'
  app/controllers/api/sessions_controller.rb:16:in `destroy'

Started GET "/" for ::1 at 2021-02-08 13:56:04 -0800
Processing by StaticPagesController#root as HTML
  Rendering static_pages/root.html.erb within layouts/application
  Rendered static_pages/root.html.erb within layouts/application (0.3ms)
Completed 200 OK in 28ms (Views: 26.0ms | ActiveRecord: 0.0ms)


Started POST "/api/users" for ::1 at 2021-02-08 13:56:08 -0800
Processing by Api::UsersController#create as */*
  Parameters: {"user"=>{"username"=>"test1", "password"=>"[FILTERED]"}, "default"=>{"format"=>:json}}
  [1m[35m (0.2ms)[0m  [1m[35mBEGIN[0m
  ↳ app/controllers/api/users_controller.rb:5
  [1m[36mUser Exists (0.7ms)[0m  [1m[34mSELECT  1 AS one FROM "users" WHERE "users"."username" = $1 LIMIT $2[0m  [["username", "test1"], ["LIMIT", 1]]
  ↳ app/controllers/api/users_controller.rb:5
  [1m[36mUser Exists (0.4ms)[0m  [1m[34mSELECT  1 AS one FROM "users" WHERE "users"."session_token" = $1 LIMIT $2[0m  [["session_token", "qbYlW-oWdtpw1nRJiNgWUg"], ["LIMIT", 1]]
  ↳ app/controllers/api/users_controller.rb:5
  [1m[35m (0.2ms)[0m  [1m[31mROLLBACK[0m
  ↳ app/controllers/api/users_controller.rb:5
Completed 422 Unprocessable Entity in 290ms (ActiveRecord: 5.4ms)



ActiveRecord::RecordInvalid - Validation failed: Username has already been taken:
  app/controllers/api/users_controller.rb:5:in `create'

Started POST "/api/session" for ::1 at 2021-02-08 13:56:53 -0800
Processing by Api::SessionsController#create as */*
  Parameters: {"user"=>{"username"=>"test1", "password"=>"[FILTERED]"}, "default"=>{"format"=>:json}}
  [1m[36mUser Load (0.5ms)[0m  [1m[34mSELECT  "users".* FROM "users" WHERE "users"."username" = $1 LIMIT $2[0m  [["username", "test1"], ["LIMIT", 1]]
  ↳ app/models/user.rb:22
  Rendering api/users/show.json.jbuilder
  Rendered api/users/show.json.jbuilder (42.9ms)
Completed 500 Internal Server Error in 339ms (ActiveRecord: 0.5ms)



ActionView::MissingTemplate - Missing partial api/sessions/_user, application/_user with {:locale=>[:en], :formats=>[:json, :html, :text, :js, :css, :ics, :csv, :vcf, :vtt, :png, :jpeg, :gif, :bmp, :tiff, :svg, :mpeg, :mp3, :ogg, :m4a, :webm, :mp4, :otf, :ttf, :woff, :woff2, :xml, :rss, :atom, :yaml, :multipart_form, :url_encoded_form, :pdf, :zip, :gzip], :variants=>[], :handlers=>[:jbuilder]}. Searched in:
  * "/Users/bcdguz/Desktop/fullStackProj/fsProject/app/views":
  app/views/api/users/show.json.jbuilder:1:in `_app_views_api_users_show_json_jbuilder___2525042264295719404_70096801679100'
  app/controllers/api/sessions_controller.rb:10:in `create'

Started GET "/" for ::1 at 2021-02-08 13:59:00 -0800
Processing by StaticPagesController#root as HTML
  Rendering static_pages/root.html.erb within layouts/application
  Rendered static_pages/root.html.erb within layouts/application (0.3ms)
Completed 200 OK in 38ms (Views: 35.7ms | ActiveRecord: 0.0ms)


Started POST "/api/session" for ::1 at 2021-02-08 13:59:06 -0800
Processing by Api::SessionsController#create as */*
  Parameters: {"user"=>{"username"=>"test1", "password"=>"[FILTERED]"}, "default"=>{"format"=>:json}}
  [1m[36mUser Load (0.2ms)[0m  [1m[34mSELECT  "users".* FROM "users" WHERE "users"."username" = $1 LIMIT $2[0m  [["username", "test1"], ["LIMIT", 1]]
  ↳ app/models/user.rb:22
  Rendering api/sessions/show.json.jbuilder
  Rendered api/users/_user.json.jbuilder (0.3ms)
  Rendered api/sessions/show.json.jbuilder (8.7ms)
Completed 200 OK in 322ms (Views: 46.2ms | ActiveRecord: 5.4ms)


Started DELETE "/api/session" for ::1 at 2021-02-08 13:59:16 -0800
Processing by Api::SessionsController#destroy as */*
  Parameters: {"default"=>{"format"=>:json}}
  [1m[36mUser Load (0.5ms)[0m  [1m[34mSELECT  "users".* FROM "users" WHERE "users"."session_token" = $1 LIMIT $2[0m  [["session_token", "qknYRHO-C_NM01zpI9_XJQ"], ["LIMIT", 1]]
  ↳ app/controllers/application_controller.rb:10
  [1m[35m (0.2ms)[0m  [1m[35mBEGIN[0m
  ↳ app/models/user.rb:37
  [1m[36mUser Exists (0.5ms)[0m  [1m[34mSELECT  1 AS one FROM "users" WHERE "users"."username" = $1 AND "users"."id" != $2 LIMIT $3[0m  [["username", "test1"], ["id", 1], ["LIMIT", 1]]
  ↳ app/models/user.rb:37
  [1m[36mUser Exists (0.5ms)[0m  [1m[34mSELECT  1 AS one FROM "users" WHERE "users"."session_token" = $1 AND "users"."id" != $2 LIMIT $3[0m  [["session_token", "_dtffL1gRkT3q2jjPhrFMg"], ["id", 1], ["LIMIT", 1]]
  ↳ app/models/user.rb:37
  [1m[36mUser Update (0.9ms)[0m  [1m[33mUPDATE "users" SET "session_token" = $1, "updated_at" = $2 WHERE "users"."id" = $3[0m  [["session_token", "_dtffL1gRkT3q2jjPhrFMg"], ["updated_at", "2021-02-08 21:59:16.942469"], ["id", 1]]
  ↳ app/models/user.rb:37
  [1m[35m (0.9ms)[0m  [1m[35mCOMMIT[0m
  ↳ app/models/user.rb:37
Completed 200 OK in 10ms (Views: 0.2ms | ActiveRecord: 3.5ms)


